2023-07-06 23:14:36,379 loglevel=INFO   logger=main <module>() L9    Starting Exchange Crawler API VERSION /1
2023-07-06 23:14:36,380 loglevel=INFO   logger=main <module>() L11   Configure CORSMiddleware
2023-07-06 23:14:36,382 loglevel=INFO   logger=main <module>() L21   Starting Exchange Crawler API VERSION /1
2023-07-06 23:52:49,153 loglevel=INFO   logger=g_exchanges.api_v1.endpoints.m_dbs qs_execute() L23   Execuging qs_execute
2023-07-06 23:52:49,154 loglevel=INFO   logger=g_exchanges.api_v1.endpoints.m_dbs qs_execute() L23   Execuging qs_execute
2023-07-06 23:52:49,154 loglevel=INFO   logger=g_exchanges.api_v1.endpoints.m_dbs qs_execute() L25   Executing criteria in models.m_finance, Exchange
2023-07-06 23:52:49,154 loglevel=INFO   logger=g_exchanges.api_v1.endpoints.m_dbs qs_execute() L25   Executing criteria in models.m_finance, Exchange
2023-07-06 23:52:49,157 loglevel=INFO   logger=root ex_query() L188  Running SELECT m_finance_exchange.group_source, m_finance_exchange.source, m_finance_exchange.currency, m_finance_exchange.sales, m_finance_exchange.buy, m_finance_exchange.year, m_finance_exchange.month, m_finance_exchange.date, m_finance_exchange.id, m_finance_exchange.created_at 
FROM m_finance_exchange 
WHERE m_finance_exchange.year = 2023 AND m_finance_exchange.month = 6 AND m_finance_exchange.currency = 'USD' ORDER BY m_finance_exchange.date, m_finance_exchange.source
2023-07-06 23:52:49,158 loglevel=INFO   logger=root ex_query() L188  Running SELECT m_finance_exchange.group_source, m_finance_exchange.source, m_finance_exchange.currency, m_finance_exchange.sales, m_finance_exchange.buy, m_finance_exchange.year, m_finance_exchange.month, m_finance_exchange.date, m_finance_exchange.id, m_finance_exchange.created_at 
FROM m_finance_exchange 
WHERE m_finance_exchange.group_source = 'set' ORDER BY m_finance_exchange.date, m_finance_exchange.source
2023-07-06 23:52:49,161 loglevel=INFO   logger=sqlalchemy.engine.Engine _connection_begin_impl() L2685 BEGIN (implicit)
2023-07-06 23:52:49,161 loglevel=INFO   logger=sqlalchemy.engine.Engine _connection_begin_impl() L2685 BEGIN (implicit)
2023-07-06 23:52:49,163 loglevel=INFO   logger=sqlalchemy.engine.Engine _execute_context() L1844 SELECT m_finance_exchange.group_source, m_finance_exchange.source, m_finance_exchange.currency, m_finance_exchange.sales, m_finance_exchange.buy, m_finance_exchange.year, m_finance_exchange.month, m_finance_exchange.date, m_finance_exchange.id, m_finance_exchange.created_at 
FROM m_finance_exchange 
WHERE m_finance_exchange.year = ? AND m_finance_exchange.month = ? AND m_finance_exchange.currency = ? ORDER BY m_finance_exchange.date, m_finance_exchange.source
2023-07-06 23:52:49,164 loglevel=INFO   logger=sqlalchemy.engine.Engine _execute_context() L1844 SELECT m_finance_exchange.group_source, m_finance_exchange.source, m_finance_exchange.currency, m_finance_exchange.sales, m_finance_exchange.buy, m_finance_exchange.year, m_finance_exchange.month, m_finance_exchange.date, m_finance_exchange.id, m_finance_exchange.created_at 
FROM m_finance_exchange 
WHERE m_finance_exchange.group_source = ? ORDER BY m_finance_exchange.date, m_finance_exchange.source
2023-07-06 23:52:49,164 loglevel=INFO   logger=sqlalchemy.engine.Engine _execute_context() L1844 [generated in 0.00137s] (2023, 6, 'USD')
2023-07-06 23:52:49,164 loglevel=INFO   logger=sqlalchemy.engine.Engine _execute_context() L1844 [generated in 0.00043s] ('set',)
2023-07-06 23:52:49,350 loglevel=INFO   logger=sqlalchemy.engine.Engine _connection_commit_impl() L2691 COMMIT
2023-07-06 23:52:51,446 loglevel=INFO   logger=sqlalchemy.engine.Engine _connection_commit_impl() L2691 COMMIT
2023-07-06 23:54:57,888 loglevel=INFO   logger=g_exchanges.api_v1.endpoints.m_dbs qs_execute() L23   Execuging qs_execute
2023-07-06 23:54:57,888 loglevel=INFO   logger=g_exchanges.api_v1.endpoints.m_dbs qs_execute() L25   Executing criteria in models.m_finance, Exchange
2023-07-06 23:54:57,889 loglevel=INFO   logger=root ex_query() L188  Running SELECT m_finance_exchange.group_source, m_finance_exchange.source, m_finance_exchange.currency, m_finance_exchange.sales, m_finance_exchange.buy, m_finance_exchange.year, m_finance_exchange.month, m_finance_exchange.date, m_finance_exchange.id, m_finance_exchange.created_at 
FROM m_finance_exchange 
WHERE m_finance_exchange.group_source = 'set' ORDER BY m_finance_exchange.date, m_finance_exchange.source
2023-07-06 23:54:57,890 loglevel=INFO   logger=sqlalchemy.engine.Engine _connection_begin_impl() L2685 BEGIN (implicit)
2023-07-06 23:54:57,890 loglevel=INFO   logger=sqlalchemy.engine.Engine _execute_context() L1844 SELECT m_finance_exchange.group_source, m_finance_exchange.source, m_finance_exchange.currency, m_finance_exchange.sales, m_finance_exchange.buy, m_finance_exchange.year, m_finance_exchange.month, m_finance_exchange.date, m_finance_exchange.id, m_finance_exchange.created_at 
FROM m_finance_exchange 
WHERE m_finance_exchange.group_source = ? ORDER BY m_finance_exchange.date, m_finance_exchange.source
2023-07-06 23:54:57,890 loglevel=INFO   logger=sqlalchemy.engine.Engine _execute_context() L1844 [cached since 128.7s ago] ('set',)
2023-07-06 23:54:59,961 loglevel=INFO   logger=sqlalchemy.engine.Engine _connection_commit_impl() L2691 COMMIT
2023-07-07 00:12:30,054 loglevel=INFO   logger=g_exchanges.api_v1.endpoints.m_dbs qs_execute() L23   Execuging qs_execute
2023-07-07 00:12:30,054 loglevel=INFO   logger=g_exchanges.api_v1.endpoints.m_dbs qs_execute() L25   Executing criteria in models.m_finance, Exchange
2023-07-07 00:12:30,055 loglevel=INFO   logger=root ex_query() L188  Running SELECT m_finance_exchange.group_source, m_finance_exchange.source, m_finance_exchange.currency, m_finance_exchange.sales, m_finance_exchange.buy, m_finance_exchange.year, m_finance_exchange.month, m_finance_exchange.date, m_finance_exchange.id, m_finance_exchange.created_at 
FROM m_finance_exchange 
WHERE m_finance_exchange.group_source = 'set' ORDER BY m_finance_exchange.date, m_finance_exchange.source
2023-07-07 00:12:30,055 loglevel=INFO   logger=sqlalchemy.engine.Engine _connection_begin_impl() L2685 BEGIN (implicit)
2023-07-07 00:12:30,055 loglevel=INFO   logger=sqlalchemy.engine.Engine _execute_context() L1844 SELECT m_finance_exchange.group_source, m_finance_exchange.source, m_finance_exchange.currency, m_finance_exchange.sales, m_finance_exchange.buy, m_finance_exchange.year, m_finance_exchange.month, m_finance_exchange.date, m_finance_exchange.id, m_finance_exchange.created_at 
FROM m_finance_exchange 
WHERE m_finance_exchange.group_source = ? ORDER BY m_finance_exchange.date, m_finance_exchange.source
2023-07-07 00:12:30,055 loglevel=INFO   logger=sqlalchemy.engine.Engine _execute_context() L1844 [cached since 1181s ago] ('set',)
2023-07-07 00:12:32,331 loglevel=INFO   logger=sqlalchemy.engine.Engine _connection_commit_impl() L2691 COMMIT
2023-07-07 00:12:32,333 loglevel=INFO   logger=g_exchanges.api_v1.endpoints.m_dbs qs_execute() L23   Execuging qs_execute
2023-07-07 00:12:32,333 loglevel=INFO   logger=g_exchanges.api_v1.endpoints.m_dbs qs_execute() L25   Executing criteria in models.m_finance, Exchange
2023-07-07 00:12:32,334 loglevel=INFO   logger=root ex_query() L188  Running SELECT m_finance_exchange.group_source, m_finance_exchange.source, m_finance_exchange.currency, m_finance_exchange.sales, m_finance_exchange.buy, m_finance_exchange.year, m_finance_exchange.month, m_finance_exchange.date, m_finance_exchange.id, m_finance_exchange.created_at 
FROM m_finance_exchange 
WHERE m_finance_exchange.group_source = 'set' ORDER BY m_finance_exchange.date, m_finance_exchange.source
2023-07-07 00:12:32,334 loglevel=INFO   logger=sqlalchemy.engine.Engine _connection_begin_impl() L2685 BEGIN (implicit)
2023-07-07 00:12:32,334 loglevel=INFO   logger=sqlalchemy.engine.Engine _execute_context() L1844 SELECT m_finance_exchange.group_source, m_finance_exchange.source, m_finance_exchange.currency, m_finance_exchange.sales, m_finance_exchange.buy, m_finance_exchange.year, m_finance_exchange.month, m_finance_exchange.date, m_finance_exchange.id, m_finance_exchange.created_at 
FROM m_finance_exchange 
WHERE m_finance_exchange.group_source = ? ORDER BY m_finance_exchange.date, m_finance_exchange.source
2023-07-07 00:12:32,334 loglevel=INFO   logger=sqlalchemy.engine.Engine _execute_context() L1844 [cached since 1183s ago] ('set',)
2023-07-07 00:12:34,330 loglevel=INFO   logger=sqlalchemy.engine.Engine _connection_commit_impl() L2691 COMMIT
2023-07-07 00:13:04,748 loglevel=INFO   logger=g_exchanges.api_v1.endpoints.m_dbs qs_execute() L23   Execuging qs_execute
2023-07-07 00:13:04,748 loglevel=INFO   logger=g_exchanges.api_v1.endpoints.m_dbs qs_execute() L25   Executing criteria in models.m_finance, Exchange
2023-07-07 00:13:04,749 loglevel=INFO   logger=root ex_query() L188  Running SELECT m_finance_exchange.group_source, m_finance_exchange.source, m_finance_exchange.currency, m_finance_exchange.sales, m_finance_exchange.buy, m_finance_exchange.year, m_finance_exchange.month, m_finance_exchange.date, m_finance_exchange.id, m_finance_exchange.created_at 
FROM m_finance_exchange 
WHERE m_finance_exchange.group_source = 'set' ORDER BY m_finance_exchange.date, m_finance_exchange.source
2023-07-07 00:13:04,749 loglevel=INFO   logger=sqlalchemy.engine.Engine _connection_begin_impl() L2685 BEGIN (implicit)
2023-07-07 00:13:04,749 loglevel=INFO   logger=sqlalchemy.engine.Engine _execute_context() L1844 SELECT m_finance_exchange.group_source, m_finance_exchange.source, m_finance_exchange.currency, m_finance_exchange.sales, m_finance_exchange.buy, m_finance_exchange.year, m_finance_exchange.month, m_finance_exchange.date, m_finance_exchange.id, m_finance_exchange.created_at 
FROM m_finance_exchange 
WHERE m_finance_exchange.group_source = ? ORDER BY m_finance_exchange.date, m_finance_exchange.source
2023-07-07 00:13:04,750 loglevel=INFO   logger=sqlalchemy.engine.Engine _execute_context() L1844 [cached since 1216s ago] ('set',)
2023-07-07 00:13:06,904 loglevel=INFO   logger=sqlalchemy.engine.Engine _connection_commit_impl() L2691 COMMIT
2023-07-07 00:13:22,826 loglevel=INFO   logger=g_exchanges.api_v1.endpoints.m_dbs qs_execute() L23   Execuging qs_execute
2023-07-07 00:13:22,827 loglevel=INFO   logger=g_exchanges.api_v1.endpoints.m_dbs qs_execute() L25   Executing criteria in models.m_finance, Exchange
2023-07-07 00:13:22,828 loglevel=INFO   logger=root ex_query() L188  Running SELECT m_finance_exchange.group_source, m_finance_exchange.source, m_finance_exchange.currency, m_finance_exchange.sales, m_finance_exchange.buy, m_finance_exchange.year, m_finance_exchange.month, m_finance_exchange.date, m_finance_exchange.id, m_finance_exchange.created_at 
FROM m_finance_exchange 
WHERE m_finance_exchange.group_source = 'set' ORDER BY m_finance_exchange.date, m_finance_exchange.source
2023-07-07 00:13:22,828 loglevel=INFO   logger=sqlalchemy.engine.Engine _connection_begin_impl() L2685 BEGIN (implicit)
2023-07-07 00:13:22,828 loglevel=INFO   logger=g_exchanges.api_v1.endpoints.m_dbs qs_execute() L23   Execuging qs_execute
2023-07-07 00:13:22,829 loglevel=INFO   logger=sqlalchemy.engine.Engine _execute_context() L1844 SELECT m_finance_exchange.group_source, m_finance_exchange.source, m_finance_exchange.currency, m_finance_exchange.sales, m_finance_exchange.buy, m_finance_exchange.year, m_finance_exchange.month, m_finance_exchange.date, m_finance_exchange.id, m_finance_exchange.created_at 
FROM m_finance_exchange 
WHERE m_finance_exchange.group_source = ? ORDER BY m_finance_exchange.date, m_finance_exchange.source
2023-07-07 00:13:22,829 loglevel=INFO   logger=g_exchanges.api_v1.endpoints.m_dbs qs_execute() L25   Executing criteria in models.m_finance, Exchange
2023-07-07 00:13:22,829 loglevel=INFO   logger=sqlalchemy.engine.Engine _execute_context() L1844 [cached since 1234s ago] ('set',)
2023-07-07 00:13:22,830 loglevel=INFO   logger=root ex_query() L188  Running SELECT m_finance_exchange.group_source, m_finance_exchange.source, m_finance_exchange.currency, m_finance_exchange.sales, m_finance_exchange.buy, m_finance_exchange.year, m_finance_exchange.month, m_finance_exchange.date, m_finance_exchange.id, m_finance_exchange.created_at 
FROM m_finance_exchange 
WHERE m_finance_exchange.group_source = 'set' ORDER BY m_finance_exchange.date, m_finance_exchange.source
2023-07-07 00:13:22,830 loglevel=INFO   logger=sqlalchemy.engine.Engine _connection_begin_impl() L2685 BEGIN (implicit)
2023-07-07 00:13:22,830 loglevel=INFO   logger=sqlalchemy.engine.Engine _execute_context() L1844 SELECT m_finance_exchange.group_source, m_finance_exchange.source, m_finance_exchange.currency, m_finance_exchange.sales, m_finance_exchange.buy, m_finance_exchange.year, m_finance_exchange.month, m_finance_exchange.date, m_finance_exchange.id, m_finance_exchange.created_at 
FROM m_finance_exchange 
WHERE m_finance_exchange.group_source = ? ORDER BY m_finance_exchange.date, m_finance_exchange.source
2023-07-07 00:13:22,830 loglevel=INFO   logger=sqlalchemy.engine.Engine _execute_context() L1844 [cached since 1234s ago] ('set',)
2023-07-07 00:13:27,612 loglevel=INFO   logger=sqlalchemy.engine.Engine _connection_commit_impl() L2691 COMMIT
2023-07-07 00:13:27,620 loglevel=INFO   logger=sqlalchemy.engine.Engine _connection_commit_impl() L2691 COMMIT
2023-07-07 00:14:54,736 loglevel=INFO   logger=g_exchanges.api_v1.endpoints.m_dbs qs_execute() L23   Execuging qs_execute
2023-07-07 00:14:54,736 loglevel=INFO   logger=g_exchanges.api_v1.endpoints.m_dbs qs_execute() L25   Executing criteria in models.m_finance, Exchange
2023-07-07 00:14:54,738 loglevel=INFO   logger=root ex_query() L188  Running SELECT m_finance_exchange.group_source, m_finance_exchange.source, m_finance_exchange.currency, m_finance_exchange.sales, m_finance_exchange.buy, m_finance_exchange.year, m_finance_exchange.month, m_finance_exchange.date, m_finance_exchange.id, m_finance_exchange.created_at 
FROM m_finance_exchange 
WHERE m_finance_exchange.group_source = 'set' ORDER BY m_finance_exchange.date, m_finance_exchange.source
2023-07-07 00:14:54,738 loglevel=INFO   logger=sqlalchemy.engine.Engine _connection_begin_impl() L2685 BEGIN (implicit)
2023-07-07 00:14:54,738 loglevel=INFO   logger=sqlalchemy.engine.Engine _execute_context() L1844 SELECT m_finance_exchange.group_source, m_finance_exchange.source, m_finance_exchange.currency, m_finance_exchange.sales, m_finance_exchange.buy, m_finance_exchange.year, m_finance_exchange.month, m_finance_exchange.date, m_finance_exchange.id, m_finance_exchange.created_at 
FROM m_finance_exchange 
WHERE m_finance_exchange.group_source = ? ORDER BY m_finance_exchange.date, m_finance_exchange.source
2023-07-07 00:14:54,739 loglevel=INFO   logger=sqlalchemy.engine.Engine _execute_context() L1844 [cached since 1326s ago] ('set',)
2023-07-07 00:14:56,833 loglevel=INFO   logger=sqlalchemy.engine.Engine _connection_commit_impl() L2691 COMMIT
2023-07-07 00:15:02,048 loglevel=INFO   logger=g_exchanges.api_v1.endpoints.m_dbs qs_execute() L23   Execuging qs_execute
2023-07-07 00:15:02,048 loglevel=INFO   logger=g_exchanges.api_v1.endpoints.m_dbs qs_execute() L25   Executing criteria in models.m_finance, Exchange
2023-07-07 00:15:02,049 loglevel=INFO   logger=root ex_query() L188  Running SELECT m_finance_exchange.group_source, m_finance_exchange.source, m_finance_exchange.currency, m_finance_exchange.sales, m_finance_exchange.buy, m_finance_exchange.year, m_finance_exchange.month, m_finance_exchange.date, m_finance_exchange.id, m_finance_exchange.created_at 
FROM m_finance_exchange 
WHERE m_finance_exchange.group_source = 'set' ORDER BY m_finance_exchange.date, m_finance_exchange.source
2023-07-07 00:15:02,049 loglevel=INFO   logger=sqlalchemy.engine.Engine _connection_begin_impl() L2685 BEGIN (implicit)
2023-07-07 00:15:02,050 loglevel=INFO   logger=sqlalchemy.engine.Engine _execute_context() L1844 SELECT m_finance_exchange.group_source, m_finance_exchange.source, m_finance_exchange.currency, m_finance_exchange.sales, m_finance_exchange.buy, m_finance_exchange.year, m_finance_exchange.month, m_finance_exchange.date, m_finance_exchange.id, m_finance_exchange.created_at 
FROM m_finance_exchange 
WHERE m_finance_exchange.group_source = ? ORDER BY m_finance_exchange.date, m_finance_exchange.source
2023-07-07 00:15:02,050 loglevel=INFO   logger=sqlalchemy.engine.Engine _execute_context() L1844 [cached since 1333s ago] ('set',)
2023-07-07 00:15:04,262 loglevel=INFO   logger=sqlalchemy.engine.Engine _connection_commit_impl() L2691 COMMIT
2023-07-07 00:15:19,472 loglevel=INFO   logger=g_exchanges.api_v1.endpoints.m_dbs qs_execute() L23   Execuging qs_execute
2023-07-07 00:15:19,472 loglevel=INFO   logger=g_exchanges.api_v1.endpoints.m_dbs qs_execute() L25   Executing criteria in models.m_finance, Exchange
2023-07-07 00:15:19,473 loglevel=INFO   logger=root ex_query() L188  Running SELECT m_finance_exchange.group_source, m_finance_exchange.source, m_finance_exchange.currency, m_finance_exchange.sales, m_finance_exchange.buy, m_finance_exchange.year, m_finance_exchange.month, m_finance_exchange.date, m_finance_exchange.id, m_finance_exchange.created_at 
FROM m_finance_exchange 
WHERE m_finance_exchange.group_source = 'set' ORDER BY m_finance_exchange.date, m_finance_exchange.source
2023-07-07 00:15:19,474 loglevel=INFO   logger=sqlalchemy.engine.Engine _connection_begin_impl() L2685 BEGIN (implicit)
2023-07-07 00:15:19,474 loglevel=INFO   logger=sqlalchemy.engine.Engine _execute_context() L1844 SELECT m_finance_exchange.group_source, m_finance_exchange.source, m_finance_exchange.currency, m_finance_exchange.sales, m_finance_exchange.buy, m_finance_exchange.year, m_finance_exchange.month, m_finance_exchange.date, m_finance_exchange.id, m_finance_exchange.created_at 
FROM m_finance_exchange 
WHERE m_finance_exchange.group_source = ? ORDER BY m_finance_exchange.date, m_finance_exchange.source
2023-07-07 00:15:19,474 loglevel=INFO   logger=sqlalchemy.engine.Engine _execute_context() L1844 [cached since 1350s ago] ('set',)
2023-07-07 00:15:21,608 loglevel=INFO   logger=sqlalchemy.engine.Engine _connection_commit_impl() L2691 COMMIT
2023-07-07 00:16:14,710 loglevel=INFO   logger=g_exchanges.api_v1.endpoints.m_dbs qs_execute() L23   Execuging qs_execute
2023-07-07 00:16:14,710 loglevel=INFO   logger=g_exchanges.api_v1.endpoints.m_dbs qs_execute() L25   Executing criteria in models.m_finance, Exchange
2023-07-07 00:16:14,711 loglevel=INFO   logger=root ex_query() L188  Running SELECT m_finance_exchange.group_source, m_finance_exchange.source, m_finance_exchange.currency, m_finance_exchange.sales, m_finance_exchange.buy, m_finance_exchange.year, m_finance_exchange.month, m_finance_exchange.date, m_finance_exchange.id, m_finance_exchange.created_at 
FROM m_finance_exchange 
WHERE m_finance_exchange.group_source = 'set' ORDER BY m_finance_exchange.date, m_finance_exchange.source
2023-07-07 00:16:14,711 loglevel=INFO   logger=sqlalchemy.engine.Engine _connection_begin_impl() L2685 BEGIN (implicit)
2023-07-07 00:16:14,712 loglevel=INFO   logger=sqlalchemy.engine.Engine _execute_context() L1844 SELECT m_finance_exchange.group_source, m_finance_exchange.source, m_finance_exchange.currency, m_finance_exchange.sales, m_finance_exchange.buy, m_finance_exchange.year, m_finance_exchange.month, m_finance_exchange.date, m_finance_exchange.id, m_finance_exchange.created_at 
FROM m_finance_exchange 
WHERE m_finance_exchange.group_source = ? ORDER BY m_finance_exchange.date, m_finance_exchange.source
2023-07-07 00:16:14,712 loglevel=INFO   logger=sqlalchemy.engine.Engine _execute_context() L1844 [cached since 1406s ago] ('set',)
2023-07-07 00:16:16,857 loglevel=INFO   logger=sqlalchemy.engine.Engine _connection_commit_impl() L2691 COMMIT
